0 info it worked if it ends with ok
1 verbose cli [ '/Users/hendrixer/.nvm/versions/node/v7.1.0/bin/node',
1 verbose cli   '/Users/hendrixer/.nvm/versions/node/v7.1.0/bin/npm',
1 verbose cli   'publish' ]
2 info using npm@3.10.9
3 info using node@v7.1.0
4 verbose publish [ '.' ]
5 verbose stack Error: Failed to parse json
5 verbose stack Unexpected token 't' at 9:6
5 verbose stack     "test": "mocha"
5 verbose stack      ^
5 verbose stack     at parseError (/Users/hendrixer/.nvm/versions/node/v7.1.0/lib/node_modules/npm/node_modules/read-package-json/read-json.js:390:11)
5 verbose stack     at parseJson (/Users/hendrixer/.nvm/versions/node/v7.1.0/lib/node_modules/npm/node_modules/read-package-json/read-json.js:79:23)
5 verbose stack     at /Users/hendrixer/.nvm/versions/node/v7.1.0/lib/node_modules/npm/node_modules/read-package-json/read-json.js:48:5
5 verbose stack     at /Users/hendrixer/.nvm/versions/node/v7.1.0/lib/node_modules/npm/node_modules/graceful-fs/graceful-fs.js:78:16
5 verbose stack     at tryToString (fs.js:425:3)
5 verbose stack     at FSReqWrap.readFileAfterClose [as oncomplete] (fs.js:412:12)
6 verbose cwd /Users/hendrixer/Dev/oss/node-source-map-support
7 error Darwin 16.1.0
8 error argv "/Users/hendrixer/.nvm/versions/node/v7.1.0/bin/node" "/Users/hendrixer/.nvm/versions/node/v7.1.0/bin/npm" "publish"
9 error node v7.1.0
10 error npm  v3.10.9
11 error file /Users/hendrixer/Dev/oss/node-source-map-support/package.json
12 error code EJSONPARSE
13 error Failed to parse json
13 error Unexpected token 't' at 9:6
13 error     "test": "mocha"
13 error      ^
14 error File: /Users/hendrixer/Dev/oss/node-source-map-support/package.json
15 error Failed to parse package.json data.
15 error package.json must be actual JSON, not just JavaScript.
15 error
15 error This is not a bug in npm.
15 error Tell the package author to fix their package.json file. JSON.parse
16 verbose exit [ 1, true ]
